[flatfull.com/themes/musik/index.html]
[backblue.gif]
[fade.gif]
[index.html]
[flatfull.com/themes/musik/js/jPlayer/jplayer.flat.css]
[flatfull.com/themes/musik/index-2.html]
[flatfull.com/themes/musik/images/logo.png]
[flatfull.com/themes/musik/css/app.v1.css]
[flatfull.com/themes/musik/images/a0.png]
[flatfull.com/themes/musik/profile.html]
[flatfull.com/themes/musik/docs.html]
[flatfull.com/themes/musik/modal.lockme.html]
[flatfull.com/themes/musik/genres.html]
[flatfull.com/themes/musik/events.html]
[flatfull.com/themes/musik/listen.html]
[flatfull.com/themes/musik/video.html]
[flatfull.com/themes/musik/layout-color.html]
[flatfull.com/themes/musik/layout-boxed.html]
[flatfull.com/themes/musik/layout-fluid.html]
[flatfull.com/themes/musik/buttons.html]
[flatfull.com/themes/musik/icons.html]
[flatfull.com/themes/musik/grid.html]
[flatfull.com/themes/musik/widgets.html]
[flatfull.com/themes/musik/components.html]
[flatfull.com/themes/musik/list.html]
[flatfull.com/themes/musik/table-static.html]
[flatfull.com/themes/musik/table-datatable.html]
[flatfull.com/themes/musik/form-elements.html]
[flatfull.com/themes/musik/form-validation.html]
[flatfull.com/themes/musik/form-wizard.html]
[flatfull.com/themes/musik/chart.html]
[flatfull.com/themes/musik/portlet.html]
[flatfull.com/themes/musik/timeline.html]
[flatfull.com/themes/musik/blog.html]
[flatfull.com/themes/musik/invoice.html]
[flatfull.com/themes/musik/gmap.html]
[flatfull.com/themes/musik/jvectormap.html]
[flatfull.com/themes/musik/signin.html]
[flatfull.com/themes/musik/signup.html]
[flatfull.com/themes/musik/404.html]
[flatfull.com/themes/musik/images/a3.png]
[flatfull.com/themes/musik/images/p1.jpg]
[flatfull.com/themes/musik/images/p2.jpg]
[flatfull.com/themes/musik/images/p3.jpg]
[flatfull.com/themes/musik/images/p4.jpg]
[flatfull.com/themes/musik/images/p5.jpg]
[flatfull.com/themes/musik/images/p6.jpg]
[flatfull.com/themes/musik/images/p7.jpg]
[flatfull.com/themes/musik/images/p8.jpg]
[flatfull.com/themes/musik/images/p9.jpg]
[flatfull.com/themes/musik/images/p10.jpg]
[flatfull.com/themes/musik/images/p11.jpg]
[flatfull.com/themes/musik/images/p12.jpg]
[flatfull.com/themes/musik/images/a2.png]
[flatfull.com/themes/musik/images/a8.png]
[flatfull.com/themes/musik/images/a9.png]
[flatfull.com/themes/musik/images/a1.png]
[flatfull.com/themes/musik/images/a6.png]
[flatfull.com/themes/musik/images/a7.png]
[flatfull.com/themes/musik/images/a5.png]
[flatfull.com/themes/musik/images/a4.png]
[flatfull.com/themes/musik/js/app.plugin.js]
[flatfull.com/themes/musik/js/jPlayer/add-on/jplayer.playlist.min.js]
[flatfull.com/themes/musik/index.html]
[flatfull.com/themes/musik/js/jPlayer/jplayer.flat.css]
[flatfull.com/themes/musik/js/jPlayer/demo.js]
[flatfull.com/themes/musik/js/jPlayer/jquery.jplayer.min.js]
[flatfull.com/themes/musik/fonts/glyphicons-halflings-regular.eot]
[flatfull.com/themes/musik/fonts/glyphicons-halflings-regulard41d.eot]
[flatfull.com/themes/musik/js/app.v1.js]
[flatfull.com/themes/musik/fonts/glyphicons-halflings-regular.woff]
[flatfull.com/themes/musik/fonts/glyphicons-halflings-regular.ttf]
[flatfull.com/themes/musik/fonts/glyphicons-halflings-regular.svg]
[flatfull.com/themes/musik/fonts/fontawesome-webfontba72.eot]
[flatfull.com/themes/musik/fonts/fontawesome-webfontd41d.eot]
[flatfull.com/themes/musik/fonts/fontawesome-webfontba72.woff]
[flatfull.com/themes/musik/fonts/fontawesome-webfontba72.ttf]
[flatfull.com/themes/musik/fonts/Simple-Line-Icons.eot]
[flatfull.com/themes/musik/fonts/Simple-Line-Icons.woff]
[flatfull.com/themes/musik/fonts/Simple-Line-Icons.ttf]
[flatfull.com/themes/musik/fonts/Simple-Line-Iconsd41d.eot]
[flatfull.com/themes/musik/fonts/sourcesanspro/sourcesanspro-light.woff]
[flatfull.com/themes/musik/fonts/sourcesanspro/sourcesanspro.woff]
[flatfull.com/themes/musik/css/app.v1.css]
[flatfull.com/themes/musik/index-2.html]
[flatfull.com/themes/musik/fonts/sourcesanspro/sourcesanspro-bold.woff]
[flatfull.com/themes/musik/js/charts/easypiechart/jquery.easy-pie-chart.js]
[flatfull.com/themes/musik/profile.html]
[flatfull.com/themes/musik/ajax.pie.html]
[flatfull.com/themes/musik/docs.html]
[flatfull.com/themes/musik/modal.lockme.html]
[flatfull.com/themes/musik/track-detail.html]
[flatfull.com/themes/musik/images/m1.jpg]
[flatfull.com/themes/musik/images/m2.jpg]
[flatfull.com/themes/musik/images/a10.png]
[flatfull.com/themes/musik/images/m4.jpg]
[flatfull.com/themes/musik/images/m5.jpg]
[flatfull.com/themes/musik/images/m6.jpg]
[flatfull.com/themes/musik/images/m0.jpg]
[flatfull.com/themes/musik/images/m8.jpg]
[flatfull.com/themes/musik/images/m9.jpg]
[flatfull.com/themes/musik/images/m10.jpg]
[flatfull.com/themes/musik/images/m11.jpg]
[flatfull.com/themes/musik/images/m12.jpg]
[flatfull.com/themes/musik/images/m13.jpg]
[flatfull.com/themes/musik/images/m14.jpg]
[flatfull.com/themes/musik/images/m15.jpg]
[flatfull.com/themes/musik/images/m16.jpg]
[flatfull.com/themes/musik/genres.html]
[flatfull.com/themes/musik/images/m17.jpg]
[flatfull.com/themes/musik/images/m20.jpg]
[flatfull.com/themes/musik/images/m22.jpg]
[flatfull.com/themes/musik/images/m31.jpg]
[flatfull.com/themes/musik/images/m30.jpg]
[flatfull.com/themes/musik/images/m19.jpg]
[flatfull.com/themes/musik/images/m7.jpg]
[flatfull.com/themes/musik/images/m18.jpg]
[flatfull.com/themes/musik/images/m32.jpg]
[flatfull.com/themes/musik/images/m40.jpg]
[flatfull.com/themes/musik/images/m21.jpg]
[flatfull.com/themes/musik/images/m42.jpg]
[flatfull.com/themes/musik/js/masonry/tiles.min.js]
[flatfull.com/themes/musik/events.html]
[flatfull.com/themes/musik/js/masonry/demo.js]
[flatfull.com/themes/musik/images/m43.jpg]
[flatfull.com/themes/musik/images/m41.jpg]
[flatfull.com/themes/musik/images/m44.jpg]
[flatfull.com/themes/musik/images/m45.jpg]
[flatfull.com/themes/musik/listen.html]
[flatfull.com/themes/musik/video.html]
[flatfull.com/themes/musik/layout-color.html]
[flatfull.com/themes/musik/video-detail.html]
[flatfull.com/themes/musik/js/datatables/datatables.css]
[flatfull.com/themes/musik/images/logo_white.png]
[flatfull.com/themes/musik/js/datatables/jquery.dataTables.min.js]
[flatfull.com/themes/musik/js/datatables/jquery.csv-0.71.min.js]
[flatfull.com/themes/musik/layout-boxed.html]
[flatfull.com/themes/musik/layout-fluid.html]
[flatfull.com/themes/musik/buttons.html]
[flatfull.com/themes/musik/icons.html]
[flatfull.com/themes/musik/grid.html]
[flatfull.com/themes/musik/js/datatables/demo.js]
[flatfull.com/themes/musik/widgets.html]
[flatfull.com/themes/musik/js/charts/sparkline/jquery.sparkline.min.js]
[flatfull.com/themes/musik/components.html]
[flatfull.com/themes/musik/modal.html]
[flatfull.com/themes/musik/js/nestable/nestable.css]
[flatfull.com/themes/musik/js/sortable/jquery.sortable.js]
[flatfull.com/themes/musik/js/nestable/jquery.nestable.js]
[flatfull.com/themes/musik/list.html]
[flatfull.com/themes/musik/table-static.html]
[flatfull.com/themes/musik/table-datatable.html]
[flatfull.com/themes/musik/js/nestable/demo.js]
[flatfull.com/themes/musik/js/datepicker/datepicker.css]
[flatfull.com/themes/musik/js/slider/slider.css]
[flatfull.com/themes/musik/js/chosen/chosen.css]
[flatfull.com/themes/musik/js/datepicker/bootstrap-datepicker.js]
[flatfull.com/themes/musik/js/slider/bootstrap-slider.js]
[flatfull.com/themes/musik/js/file-input/bootstrap-filestyle.min.js]
[flatfull.com/themes/musik/js/wysiwyg/jquery.hotkeys.js]
[flatfull.com/themes/musik/js/wysiwyg/bootstrap-wysiwyg.js]
[flatfull.com/themes/musik/js/wysiwyg/demo.js]
[flatfull.com/themes/musik/js/markdown/epiceditor.min.js]
[flatfull.com/themes/musik/js/markdown/demo.js]
[flatfull.com/themes/musik/form-elements.html]
[flatfull.com/themes/musik/js/chosen/chosen.jquery.min.js]
[flatfull.com/themes/musik/js/parsley/parsley.min.js]
[flatfull.com/themes/musik/form-validation.html]
[flatfull.com/themes/musik/js/parsley/parsley.extend.js]
[flatfull.com/themes/musik/js/wizard/jquery.bootstrap.wizard.js]
[flatfull.com/themes/musik/form-wizard.html]
[flatfull.com/themes/musik/js/wizard/demo.js]
[flatfull.com/themes/musik/js/charts/flot/jquery.flot.min.js]
[flatfull.com/themes/musik/js/charts/flot/jquery.flot.tooltip.min.js]
[flatfull.com/themes/musik/js/charts/flot/jquery.flot.resize.js]
[flatfull.com/themes/musik/js/charts/flot/jquery.flot.orderBars.js]
[flatfull.com/themes/musik/js/charts/flot/jquery.flot.pie.min.js]
[flatfull.com/themes/musik/js/charts/flot/jquery.flot.grow.js]
[flatfull.com/themes/musik/chart.html]
[flatfull.com/themes/musik/js/charts/flot/demo.js]
[flatfull.com/themes/musik/js/jquery.ui.touch-punch.min.js]
[flatfull.com/themes/musik/portlet.html]
[flatfull.com/themes/musik/timeline.html]
[flatfull.com/themes/musik/blog.html]
[flatfull.com/themes/musik/invoice.html]
[flatfull.com/themes/musik/images/m3.jpg]
[flatfull.com/themes/musik/js/jquery-ui-1.10.3.custom.min.js]
[flatfull.com/themes/musik/gmap.html]
[flatfull.com/themes/musik/js/maps/demo.js]
[flatfull.com/themes/musik/js/maps/gmaps.js]
[flatfull.com/themes/musik/js/jvectormap/jquery-jvectormap-1.2.2.css]
[flatfull.com/themes/musik/js/jvectormap/jquery-jvectormap-1.2.2.min.js]
[flatfull.com/themes/musik/jvectormap.html]
[flatfull.com/themes/musik/signin.html]
[flatfull.com/themes/musik/signup.html]
[flatfull.com/themes/musik/404.html]
[flatfull.com/themes/musik/fonts/glyphicons-halflings-regular.html]
[flatfull.com/themes/musik/fonts/glyphicons-halflings-regulard41d.html]
[flatfull.com/themes/musik/fonts/glyphicons-halflings-regular-2.html]
[flatfull.com/themes/musik/fonts/glyphicons-halflings-regular-3.html]
[flatfull.com/themes/musik/fonts/glyphicons-halflings-regular-4.html]
[flatfull.com/themes/musik/fonts/fontawesome-webfontba72.svg]
[flatfull.com/themes/musik/fonts/Simple-Line-Icons.svg]
[flatfull.com/themes/musik/ajax.pie.html]
[flatfull.com/themes/musik/track-detail.html]
[flatfull.com/themes/musik/video-detail.html]
[flatfull.com/themes/musik/js/datatables/datatables.css]
[flatfull.com/themes/musik/images/logo_white.html]
[flatfull.com/themes/musik/modal.html]
[flatfull.com/themes/musik/js/nestable/nestable.css]
[flatfull.com/themes/musik/js/datepicker/datepicker.css]
[flatfull.com/themes/musik/js/slider/slider.css]
[flatfull.com/themes/musik/js/jvectormap/demo.js]
[flatfull.com/themes/musik/js/chosen/chosen-sprite.png]
[flatfull.com/themes/musik/js/chosen/chosen.css]
[flatfull.com/themes/musik/js/jvectormap/jquery-jvectormap-1.2.2.css]
[flatfull.com/themes/musik/js/chosen/chosen-sprite@2x.png]
[flatfull.com/themes/musik/js/jvectormap/jquery-jvectormap-world-mill-en.js]
[flatfull.com/themes/musik/js/jvectormap/jquery-jvectormap-us-aea-en.js]
